C51 COMPILER V9.56.0.0   ADC                                                               11/05/2017 17:57:22 PAGE 1   


C51 COMPILER V9.56.0.0, COMPILATION OF MODULE ADC
OBJECT MODULE PLACED IN ..\obj\ADC.obj
COMPILER INVOKED BY: D:\keil5\C51\BIN\C51.EXE ..\src\ADC\ADC.c OPTIMIZE(8,SPEED) BROWSE INCDIR(..\src\nrf24l01;..\src\AD
                    -C;..\src\color_sensor;..\src\delay;..\src\DHT11;..\src\FM_ctrl;..\src\Infrared Sensor;..\src\light;..\src\motor;..\src\u
                    -art;..\src\user;..\src\HCSR04) DEBUG OBJECTEXTEND PRINT(..\obj\ADC.lst) TABS(2) OBJECT(..\obj\ADC.obj)

line level    source

   1          /*---------------------------------------------------------------------*/
   2          /* --- STC MCU Limited ------------------------------------------------*/
   3          /* --- STC15F4K60S4 系列 AD转换查询方式举例----------------------------*/
   4          /* --- Mobile: (86)13922805190 ----------------------------------------*/
   5          /* --- Fax: 86-0513-55012956,55012947,55012969 ------------------------*/
   6          /* --- Tel: 86-0513-55012928,55012929,55012966-------------------------*/
   7          /* --- Web: www.STCMCU.com --------------------------------------------*/
   8          /* --- Web: www.GXWMCU.com --------------------------------------------*/
   9          /* 如果要在程序中使用此代码,请在程序中注明使用了STC的资料及程序        */
  10          /* 如果要在文章中应用此代码,请在文章中注明使用了STC的资料及程序        */
  11          /*---------------------------------------------------------------------*/
  12          
  13          //本示例在Keil开发环境下请选择Intel的8058芯片型号进行编译
  14          //若无特别说明,工作频率一般为11.0592MHz
  15          
  16          #include "commom.h"
  17          #include "ADC.h"
  18          
  19          void Delay(WORD n);
  20          /*----------------------------
  21          读取ADC结果
  22          ----------------------------*/
  23          BYTE GetADCResult(BYTE ch)
  24          {
  25   1          ADC_CONTR = ADC_POWER | ADC_SPEEDLL | ch | ADC_START;
  26   1          _nop_();                        //等待4个NOP
  27   1          _nop_();
  28   1          _nop_();
  29   1          _nop_();
  30   1          while (!(ADC_CONTR & ADC_FLAG));//等待ADC转换完成
  31   1          ADC_CONTR &= ~ADC_FLAG;         //Close ADC
  32   1      
  33   1          return ADC_RES;                 //返回ADC结果
  34   1      }
  35          
  36          /*----------------------------
  37          初始化ADC
  38          ----------------------------*/
  39          void InitADC()
  40          {
  41   1          P1ASF |= 0x80;                   //设置P1口为AD口
  42   1          ADC_RES = 0;                    //清除结果寄存器
  43   1          ADC_RESL=0;
  44   1          ADC_CONTR = ADC_POWER | ADC_SPEEDLL;
  45   1          Delay(2);                       //ADC上电并延时
  46   1      }
  47          
  48          /*----------------------------
  49          软件延时
  50          ----------------------------*/
  51          void Delay_adc(WORD n)
  52          {
  53   1          WORD x;
C51 COMPILER V9.56.0.0   ADC                                                               11/05/2017 17:57:22 PAGE 2   

  54   1      
  55   1          while (n--)
  56   1          {
  57   2              x = 5000;
  58   2              while (x--);
  59   2          }
  60   1      }
  61          
  62          


MODULE INFORMATION:   STATIC OVERLAYABLE
   CODE SIZE        =     64    ----
   CONSTANT SIZE    =   ----    ----
   XDATA SIZE       =   ----    ----
   PDATA SIZE       =   ----    ----
   DATA SIZE        =   ----    ----
   IDATA SIZE       =   ----    ----
   BIT SIZE         =   ----    ----
END OF MODULE INFORMATION.


C51 COMPILATION COMPLETE.  0 WARNING(S),  0 ERROR(S)
