C51 COMPILER V9.56.0.0   COLOR_SENSOR                                                      11/05/2017 17:57:23 PAGE 1   


C51 COMPILER V9.56.0.0, COMPILATION OF MODULE COLOR_SENSOR
OBJECT MODULE PLACED IN ..\obj\color_sensor.obj
COMPILER INVOKED BY: D:\keil5\C51\BIN\C51.EXE ..\src\color_sensor\color_sensor.c OPTIMIZE(8,SPEED) BROWSE INCDIR(..\src\
                    -nrf24l01;..\src\ADC;..\src\color_sensor;..\src\delay;..\src\DHT11;..\src\FM_ctrl;..\src\Infrared Sensor;..\src\light;..\
                    -src\motor;..\src\uart;..\src\user;..\src\HCSR04) DEBUG OBJECTEXTEND PRINT(..\obj\color_sensor.lst) TABS(2) OBJECT(..\obj
                    -\color_sensor.obj)

line level    source

   1          #include "color_sensor.h"
   2          
   3          
   4          /*******************************************
   5          * 文件名： TCS3200颜色测试
   6          * 型号：   GY-31
   7          * 功能：   读取RGB值
   8          * 单片机： STC15w408as
   9          * 晶振：   11.0592m 
  10          * 时间：   2016-3-28
  11          * LCD1602显示R,G,B值
  12          /********************************************/
  13          
  14          //接线说明：
  15          //模块S2-----单片机P1.1
  16          //模块S3-----单片机P1.0
  17          //模块OUT----单片机P3.5(计数器1输入)
  18          //模块VCC----单片机VCC
  19          //模块GND----单片机GND
  20          //**********************************************
  21          
  22          
  23           //变量、常量定义
  24          
  25          uint red_dat,green_dat,blue_dat;
  26          uchar count=0;          //颜色标志位（0:红 1:绿 2:蓝）
  27          
  28          /*******************************************
  29          * 函数名称: t0_init()
  30          * 函数功能: 定时器0初始化 10ms   定时器1计数模式   P3.5
  31          * 入口参数: 无
  32          * 出口参数: 无
  33          /********************************************/
  34          void t0_init()
  35          {   
  36   1                            //10毫秒@11.0592MHz
  37   1        AUXR &=0x3F;    //定时器时钟12T模式  
  38   1        TMOD  =0x50;    //T1计数 T0定时 工作方式1
  39   1        TL0 = 0x00;   //设置定时初值
  40   1        TH0 = 0xDC;   //设置定时初值
  41   1        TF0 = 0;    //清除TF0标志
  42   1        
  43   1           TH1=0x00;        //计数初值
  44   1           TL1=0x00;
  45   1           ET0=1;
  46   1          EA=1; 
  47   1        
  48   1      }
  49           /*******************************************
  50          * 函数名称: c10ms_out() 
  51          * 函数功能: 定时中断0服务程序
  52                      修改颜色标志disp_tc（0:红 1:绿 2:蓝）
C51 COMPILER V9.56.0.0   COLOR_SENSOR                                                      11/05/2017 17:57:23 PAGE 2   

  53                      设置S0 S1 S2 选择滤波器
  54                      计算脉冲，读取色值
  55          * 入口参数: 无
  56          * 出口参数: 无
  57          /********************************************/
  58          void c10ms_out() interrupt 1
  59          {      
  60   1        float rp=0.79,gp=2,bp=1.75; //定义比例因子，具体环境可以修改 
  61   1            uint temp;
  62   1              TR0=0;              //关闭定时
  63   1              TR1=0;              //关闭计数    
  64   1              if(count==0)
  65   1              {
  66   2              count++;    
  67   2              s2=1;s3=1;             //选择滤波器为绿色     
  68   2              temp=(uint)((TH1<<8)+TL1)*rp;    //计算这段时间内 TCS230 的输出脉冲数 
  69   2              red_dat=temp;
  70   2              } 
  71   1              else if(count==1)
  72   1              {            
  73   2              count++;
  74   2              s2=0;s3=1;            //选择滤波器为蓝色
  75   2              temp=(uint)((TH1<<8)+TL1)*gp;    //计算这段时间内 TCS230 的输出脉冲数   
  76   2              green_dat=temp; 
  77   2              }
  78   1      
  79   1              else if(count==2)
  80   1              {            
  81   2              count=0;
  82   2              s2=0;s3=0;            //选择滤波器为红色
  83   2              temp=(uint)((TH1<<8)+TL1)*bp;    //计算这段时间内 TCS230 的输出脉冲数 
  84   2              blue_dat=temp;
  85   2              }
  86   1           TL1=0x00;//计数器清零
  87   1           TH1=0x00;//计数器清零
  88   1           TR0=1;   //打开定时器
  89   1           TR1=1;   //打开计数器
  90   1      }
  91          
  92          
  93          


MODULE INFORMATION:   STATIC OVERLAYABLE
   CODE SIZE        =    293    ----
   CONSTANT SIZE    =   ----    ----
   XDATA SIZE       =   ----    ----
   PDATA SIZE       =   ----    ----
   DATA SIZE        =      7      14
   IDATA SIZE       =   ----    ----
   BIT SIZE         =   ----    ----
END OF MODULE INFORMATION.


C51 COMPILATION COMPLETE.  0 WARNING(S),  0 ERROR(S)
