C51 COMPILER V9.56.0.0   DELAY                                                             11/05/2017 17:57:22 PAGE 1   


C51 COMPILER V9.56.0.0, COMPILATION OF MODULE DELAY
OBJECT MODULE PLACED IN ..\obj\delay.obj
COMPILER INVOKED BY: D:\keil5\C51\BIN\C51.EXE ..\src\delay\delay.c OPTIMIZE(8,SPEED) BROWSE INCDIR(..\src\nrf24l01;..\sr
                    -c\ADC;..\src\color_sensor;..\src\delay;..\src\DHT11;..\src\FM_ctrl;..\src\Infrared Sensor;..\src\light;..\src\motor;..\s
                    -rc\uart;..\src\user;..\src\HCSR04) DEBUG OBJECTEXTEND PRINT(..\obj\delay.lst) TABS(2) OBJECT(..\obj\delay.obj)

line level    source

   1          #include "delay.h"
   2          
   3          
   4          void delay(uint z)        //延时子函数
   5          {
   6   1        uint x,y;
   7   1        for(x=z;x>0;x--)
   8   1          for(y=114;y>0;y--);
   9   1      }
  10          
  11          /********************************************************************
  12          * 名称 : Delay_1ms()
  13          * 功能 : 延时子程序，延时时间为 1ms * x
  14          * 输入 : x (延时一毫秒的个数)
  15          * 输出 : 无
  16          ***********************************************************************/
  17          void Delay_1ms(uint i)//1ms延时
  18          {
  19   1        uint x,j;
  20   1        for(j=0;j<i;j++)
  21   1        for(x=0;x<=148;x++); 
  22   1      }
  23          
  24          void delay_ms(uint z)       //延时子函数
  25          {
  26   1        uint x,y;
  27   1        for(x=z;x>0;x--)
  28   1          for(y=1200;y>0;y--);
  29   1      }
  30          
  31            void delay_us(uint z)       //延时子函数
  32          {
  33   1        uint x,y;
  34   1        for(x=z;x>0;x--)
  35   1          for(y=114;y>0;y--);
  36   1      }
  37          
  38          void Delay180ms()   //@11.0592MHz
  39          {
  40   1        unsigned char i, j, k;
  41   1      
  42   1        i = 8;
  43   1        j = 145;
  44   1        k = 99;
  45   1        do
  46   1        {
  47   2          do
  48   2          {
  49   3            while (--k);
  50   3          } while (--j);
  51   2        } while (--i);
  52   1      }
  53          
C51 COMPILER V9.56.0.0   DELAY                                                             11/05/2017 17:57:22 PAGE 2   

  54          void Delay300ms()   //@11.0592MHz
  55          {
  56   1      unsigned char i, j, k;
  57   1      
  58   1        _nop_();
  59   1        _nop_();
  60   1        i = 11;
  61   1        j = 130;
  62   1        k = 111;
  63   1        do
  64   1        {
  65   2          do
  66   2          {
  67   3            while (--k);
  68   3          } while (--j);
  69   2        }  while (--i);
  70   1      }
  71          void Delay500ms()   //@11.0592MHz
  72          {
  73   1        unsigned char i, j, k;
  74   1      
  75   1        i = 22;
  76   1        j = 3;
  77   1        k = 227;
  78   1        do
  79   1        {
  80   2          do
  81   2          {
  82   3            while (--k);
  83   3          } while (--j);
  84   2        } while (--i);
  85   1      }


MODULE INFORMATION:   STATIC OVERLAYABLE
   CODE SIZE        =    163    ----
   CONSTANT SIZE    =   ----    ----
   XDATA SIZE       =   ----    ----
   PDATA SIZE       =   ----    ----
   DATA SIZE        =   ----    ----
   IDATA SIZE       =   ----    ----
   BIT SIZE         =   ----    ----
END OF MODULE INFORMATION.


C51 COMPILATION COMPLETE.  0 WARNING(S),  0 ERROR(S)
