C51 COMPILER V9.56.0.0   DHT11                                                             11/05/2017 17:57:23 PAGE 1   


C51 COMPILER V9.56.0.0, COMPILATION OF MODULE DHT11
OBJECT MODULE PLACED IN ..\obj\dht11.obj
COMPILER INVOKED BY: D:\keil5\C51\BIN\C51.EXE ..\src\DHT11\dht11.c OPTIMIZE(8,SPEED) BROWSE INCDIR(..\src\nrf24l01;..\sr
                    -c\ADC;..\src\color_sensor;..\src\delay;..\src\DHT11;..\src\FM_ctrl;..\src\Infrared Sensor;..\src\light;..\src\motor;..\s
                    -rc\uart;..\src\user;..\src\HCSR04) DEBUG OBJECTEXTEND PRINT(..\obj\dht11.lst) TABS(2) OBJECT(..\obj\dht11.obj)

line level    source

   1          /***************************************
   2           DHT11使用范例程序
   3           使用单片机STC12c5a60s2
   4           晶振：11.0592M
   5           编译环境 Keil uVision4
   6           硬件接线：DHT11的2脚out接P4.7 DHT11的1脚接vcc DHT11的4脚接gnd
   7           时间：2014年1月9日
   8          ***************************************/
   9          #include "dth.h"
  10          
  11          
  12          uchar U8FLAG;
  13          
  14          /**************************************
  15          100us级延时 x(us)  12t单片机
  16          **************************************/
  17          /*void Delay_1(uint j)
  18          {      
  19            uchar i;
  20              for(;j>0;j--)
  21              {   
  22              for(i=0;i<27;i++);
  23              }
  24          } */
  25          
  26          /**************************************
  27          ms级延时 x(ms)     1t单片机
  28          **************************************/
  29          void Delay18ms()    //@11.0592MHz
  30          {
  31   1        unsigned char i, j, k;
  32   1      
  33   1        _nop_();
  34   1        _nop_();
  35   1        i = 1;
  36   1        j = 194;
  37   1        k = 159;
  38   1        do
  39   1        {
  40   2          do
  41   2          {
  42   3            while (--k);
  43   3          } while (--j);
  44   2        } while (--i);
  45   1      }
  46          
  47          /**************************************
  48          10us级延时     12t单片机
  49          **************************************/
  50          /*void Delay_10us(void)   
  51          {
  52            uchar i;
  53            i--;
C51 COMPILER V9.56.0.0   DHT11                                                             11/05/2017 17:57:23 PAGE 2   

  54            i--;
  55            i--;
  56            i--;
  57            i--;
  58            i--;
  59          }*/
  60          /**************************************
  61          10us级延时     1t单片机
  62          **************************************/
  63          void Delay_10us()   //@11.0592MHz
  64          {
  65   1        unsigned char i;
  66   1      
  67   1        _nop_();
  68   1        _nop_();
  69   1        _nop_();
  70   1        i = 24;
  71   1        while (--i);
  72   1      }
  73          
  74          
  75          
  76          /**************************************
  77          读取温湿度中间处理函数
  78          **************************************/ 
  79          uchar COM(void)
  80          {
  81   1        uchar i,U8temp;
  82   1        uchar U8comdata;  
  83   1        for(i=0;i<8;i++)     
  84   1        {
  85   2        
  86   2            U8FLAG=2; 
  87   2            while((!DHT11_OUT)&&U8FLAG++);
  88   2          Delay_10us();
  89   2            Delay_10us();
  90   2          Delay_10us();
  91   2          U8temp=0;
  92   2            if(DHT11_OUT)U8temp=1;       //如果高电平U8temp=1  低电平U8temp=0
  93   2            U8FLAG=2;
  94   2            while((DHT11_OUT)&&U8FLAG++);     
  95   2          if(U8FLAG==1)break;            //超时则跳出for循环     
  96   2          U8comdata<<=1;
  97   2          U8comdata|=U8temp;        
  98   2         }
  99   1         return(U8comdata);
 100   1      }
 101          /**************************************
 102          //-----温湿度读取子程序-----------
 103          //----温度高8位== U8T_data_H------
 104          //----温度低8位== U8T_data_L------
 105          //----湿度高8位== U8RH_data_H-----
 106          //----湿度低8位== U8RH_data_L-----
 107          //----校验 8位 == U8checkdata-----
 108          **************************************/
 109          uint DHT11(void)
 110          {
 111   1         uchar str[6]={"      "};
 112   1         uchar U8T_data_H_temp,U8T_data_L_temp;
 113   1         uchar U8RH_data_H_temp,U8RH_data_L_temp;
 114   1         uchar U8checkdata_temp;
 115   1         uchar U8temp1;
C51 COMPILER V9.56.0.0   DHT11                                                             11/05/2017 17:57:23 PAGE 3   

 116   1         uint value_DHT11;
 117   1      
 118   1         DHT11_OUT=0;             //主机拉低18ms 
 119   1         Delay18ms();
 120   1         DHT11_OUT=1;             //释放总线
 121   1       
 122   1         Delay_10us();
 123   1         Delay_10us();          //总线由上拉电阻拉高 主机延时20us
 124   1         Delay_10us();
 125   1         Delay_10us();
 126   1         DHT11_OUT=1;             //主机设为输入 判断从机响应信号 
 127   1          
 128   1         if(!DHT11_OUT)              //判断从机是否有低电平响应信号 如不响应则跳出，响应则向下运行
 129   1         {
 130   2           U8FLAG=2;
 131   2           
 132   2           while((!DHT11_OUT)&&U8FLAG++);   //判断从机发出 80us 的低电平响应信号是否结束
 133   2           U8FLAG=2;
 134   2         
 135   2           while((DHT11_OUT)&&U8FLAG++);    //判断从机发出 80us 的高电平，如发出则进入数据接收状态
 136   2                      
 137   2           U8RH_data_H_temp=COM();     //数据接收状态
 138   2           U8RH_data_L_temp=COM();
 139   2           U8T_data_H_temp=COM();
 140   2           U8T_data_L_temp=COM();
 141   2          
 142   2           U8checkdata_temp=COM();
 143   2           DHT11_OUT=1;
 144   2         
 145   2           U8temp1=(U8T_data_H_temp+U8T_data_L_temp+U8RH_data_H_temp+U8RH_data_L_temp);  //数据校验 
 146   2           if(U8temp1==U8checkdata_temp)
 147   2           {
 148   3              str[0]=U8RH_data_H_temp;
 149   3              str[1]=U8RH_data_L_temp;
 150   3            str[2]=U8T_data_H_temp;
 151   3              str[3]=U8T_data_L_temp;
 152   3              str[4]=U8checkdata_temp;
 153   3            value_DHT11=U8RH_data_H_temp*256+U8T_data_H_temp;
 154   3            return(value_DHT11);
 155   3           }
 156   2           else return(0);                    
 157   2         }
 158   1         else return(0);
 159   1      
 160   1      }
 161            


MODULE INFORMATION:   STATIC OVERLAYABLE
   CODE SIZE        =    212    ----
   CONSTANT SIZE    =      6    ----
   XDATA SIZE       =   ----    ----
   PDATA SIZE       =   ----    ----
   DATA SIZE        =      1       7
   IDATA SIZE       =   ----    ----
   BIT SIZE         =   ----    ----
END OF MODULE INFORMATION.


C51 COMPILATION COMPLETE.  0 WARNING(S),  0 ERROR(S)
