C51 COMPILER V9.56.0.0   IR_DELAY                                                          11/05/2017 17:57:23 PAGE 1   


C51 COMPILER V9.56.0.0, COMPILATION OF MODULE IR_DELAY
OBJECT MODULE PLACED IN ..\obj\IR_delay.obj
COMPILER INVOKED BY: D:\keil5\C51\BIN\C51.EXE ..\src\Infrared Sensor\IR_delay.c OPTIMIZE(8,SPEED) BROWSE INCDIR(..\src\n
                    -rf24l01;..\src\ADC;..\src\color_sensor;..\src\delay;..\src\DHT11;..\src\FM_ctrl;..\src\Infrared Sensor;..\src\light;..\s
                    -rc\motor;..\src\uart;..\src\user;..\src\HCSR04) DEBUG OBJECTEXTEND PRINT(..\obj\IR_delay.lst) TABS(2) OBJECT(..\obj\IR_d
                    -elay.obj)

line level    source

   1          #include <STC12C5A60S2.H>
   2          #include "IR_delay.h"
   3          #include <intrins.h>
   4          void Delay560us()   //@11.0592MHz
   5          {
   6   1        unsigned char i, j;
   7   1      
   8   1        _nop_();
   9   1        _nop_();
  10   1        _nop_();
  11   1        i = 7;
  12   1        j = 1;
  13   1        do
  14   1        {
  15   2          while (--j);
  16   2        } while (--i);
  17   1      }
  18          
  19          void Delay1693us()    //@11.0592MHz
  20          {
  21   1        unsigned char i, j;
  22   1      
  23   1        _nop_();
  24   1        i = 19;
  25   1        j = 50;
  26   1        do
  27   1        {
  28   2          while (--j);
  29   2        } while (--i);
  30   1      }
  31          
  32          void Delay9ms()   //@11.0592MHz
  33          {
  34   1        unsigned char i, j;
  35   1      
  36   1        _nop_();
  37   1        _nop_();
  38   1        _nop_();
  39   1        i = 97;
  40   1        j = 206;
  41   1        do
  42   1        {
  43   2          while (--j);
  44   2        } while (--i);
  45   1      }
  46          
  47          void Delay4500us()    //@11.0592MHz
  48          {
  49   1        unsigned char i, j;
  50   1      
  51   1        i = 49;
  52   1        j = 101;
C51 COMPILER V9.56.0.0   IR_DELAY                                                          11/05/2017 17:57:23 PAGE 2   

  53   1        do
  54   1        {
  55   2          while (--j);
  56   2        } while (--i);
  57   1      }


MODULE INFORMATION:   STATIC OVERLAYABLE
   CODE SIZE        =     43    ----
   CONSTANT SIZE    =   ----    ----
   XDATA SIZE       =   ----    ----
   PDATA SIZE       =   ----    ----
   DATA SIZE        =   ----    ----
   IDATA SIZE       =   ----    ----
   BIT SIZE         =   ----    ----
END OF MODULE INFORMATION.


C51 COMPILATION COMPLETE.  0 WARNING(S),  0 ERROR(S)
